[1] "0 - Inf - Inf"
[1] "0 - Inf - 0.01"
[1] "0 - Inf - 0.001"
[1] "0 - Inf - 1e-05"
[1] "0 - 0.01 - Inf"
[1] "0 - 0.01 - 0.01"
[1] "0 - 0.01 - 0.001"
[1] "0 - 0.01 - 1e-05"
[1] "0 - 0.001 - Inf"
[1] "0 - 0.001 - 0.01"
[1] "0 - 0.001 - 0.001"
[1] "0 - 0.001 - 1e-05"
[1] "0 - 1e-05 - Inf"
[1] "0 - 1e-05 - 0.01"
[1] "0 - 1e-05 - 0.001"
[1] "0 - 1e-05 - 1e-05"
[1] "30 - Inf - Inf"
[1] "30 - Inf - 0.01"
[1] "30 - Inf - 0.001"
[1] "30 - Inf - 1e-05"
[1] "30 - 0.01 - Inf"
[1] "30 - 0.01 - 0.01"
[1] "30 - 0.01 - 0.001"
[1] "30 - 0.01 - 1e-05"
[1] "30 - 0.001 - Inf"
[1] "30 - 0.001 - 0.01"
[1] "30 - 0.001 - 0.001"
[1] "30 - 0.001 - 1e-05"
[1] "30 - 1e-05 - Inf"
[1] "30 - 1e-05 - 0.01"
[1] "30 - 1e-05 - 0.001"
[1] "30 - 1e-05 - 1e-05"
[1] "80 - Inf - Inf"
[1] "80 - Inf - 0.01"
[1] "80 - Inf - 0.001"
[1] "80 - Inf - 1e-05"
[1] "80 - 0.01 - Inf"
[1] "80 - 0.01 - 0.01"
[1] "80 - 0.01 - 0.001"
[1] "80 - 0.01 - 1e-05"
[1] "80 - 0.001 - Inf"
[1] "80 - 0.001 - 0.01"
[1] "80 - 0.001 - 0.001"
[1] "80 - 0.001 - 1e-05"
[1] "80 - 1e-05 - Inf"
[1] "80 - 1e-05 - 0.01"
[1] "80 - 1e-05 - 0.001"
[1] "80 - 1e-05 - 1e-05"
[1] "Inf - 0"
[1] "Inf - 30"
[1] "Inf - 80"
[1] "0.01 - 0"
[1] "0.01 - 30"
[1] "0.01 - 80"
[1] "0.001 - 0"
[1] "0.001 - 30"
[1] "0.001 - 80"
[1] "1e-05 - 0"
[1] "1e-05 - 30"
[1] "1e-05 - 80"
